2023.08.28 18:39:11 INFO  Started: Metals version 1.0.0 in folders 'E:\Phantom Studios\Website\Dharun\Updated Portfolio\Portfolio' for client Visual Studio Code 1.81.1.
Aug 28, 2023 6:39:12 PM org.flywaydb.core.internal.license.VersionPrinter printVersionOnly
INFO: Flyway Community Edition 9.20.1 by Redgate
Aug 28, 2023 6:39:12 PM org.flywaydb.core.internal.license.VersionPrinter printVersion
INFO: See release notes here: https://rd.gt/416ObMi
Aug 28, 2023 6:39:12 PM org.flywaydb.core.internal.license.VersionPrinter printVersion
INFO: 
Aug 28, 2023 6:39:13 PM org.flywaydb.core.internal.database.base.BaseDatabaseType createDatabase
INFO: Database: jdbc:h2:file:E:\Phantom Studios\Website\Dharun\Updated Portfolio\Portfolio\.metals\metals (H2 2.1)
Aug 28, 2023 6:39:13 PM org.flywaydb.core.internal.schemahistory.JdbcTableSchemaHistory allAppliedMigrations
INFO: Schema history table "PUBLIC"."flyway_schema_history" does not exist yet
Aug 28, 2023 6:39:13 PM org.flywaydb.core.internal.command.DbValidate validate
INFO: Successfully validated 4 migrations (execution time 00:00.040s)
Aug 28, 2023 6:39:13 PM org.flywaydb.core.internal.schemahistory.JdbcTableSchemaHistory create
INFO: Creating Schema History table "PUBLIC"."flyway_schema_history" ...
Aug 28, 2023 6:39:13 PM org.flywaydb.core.internal.command.DbMigrate migrateGroup
INFO: Current version of schema "PUBLIC": << Empty Schema >>
Aug 28, 2023 6:39:13 PM org.flywaydb.core.internal.command.DbMigrate doMigrateGroup
INFO: Migrating schema "PUBLIC" to version "1 - Create tables"
Aug 28, 2023 6:39:13 PM org.flywaydb.core.internal.command.DbMigrate doMigrateGroup
INFO: Migrating schema "PUBLIC" to version "2 - Server discovery"
Aug 28, 2023 6:39:13 PM org.flywaydb.core.internal.command.DbMigrate doMigrateGroup
INFO: Migrating schema "PUBLIC" to version "3 - Jar symbols"
Aug 28, 2023 6:39:13 PM org.flywaydb.core.internal.command.DbMigrate doMigrateGroup
INFO: Migrating schema "PUBLIC" to version "4 - Fingerprints"
Aug 28, 2023 6:39:13 PM org.flywaydb.core.internal.command.DbMigrate logSummary
INFO: Successfully applied 4 migrations to schema "PUBLIC", now at version v4 (execution time 00:00.045s)
2023.08.28 18:39:14 INFO  time: initialize in 1.8s
2023.08.28 18:39:15 WARN  Build server is not auto-connectable.
2023.08.28 18:39:15 WARN  no build tool detected in workspace 'E:\Phantom Studios\Website\Dharun\Updated Portfolio\Portfolio'. The most common cause for this problem is that the editor was opened in the wrong working directory, for example if you use sbt then the workspace directory should contain build.sbt. 
Aug 28, 2023 6:39:20 PM org.eclipse.lsp4j.jsonrpc.services.GenericEndpoint notify
INFO: Unsupported notification method: $/setTrace
Aug 28, 2023 6:39:46 PM org.eclipse.lsp4j.jsonrpc.services.GenericEndpoint notify
INFO: Unsupported notification method: $/setTrace
2023.08.28 18:40:58 INFO  Shutting down server
2023.08.28 18:40:58 INFO  shutting down Metals
2023.08.28 18:40:58 INFO  Exiting server
